2014-10-10 12:03:17 | task.error | ERROR |at TaskExecutor.execSingleTask throw an error. 
com.mysql.jdbc.exceptions.jdbc4.MySQLIntegrityConstraintViolationException: Duplicate entry '608598-1010-20141010' for key 'PRIMARY'
	at sun.reflect.NativeConstructorAccessorImpl.newInstance0(Native Method)
	at sun.reflect.NativeConstructorAccessorImpl.newInstance(NativeConstructorAccessorImpl.java:39)
	at sun.reflect.DelegatingConstructorAccessorImpl.newInstance(DelegatingConstructorAccessorImpl.java:27)
	at java.lang.reflect.Constructor.newInstance(Constructor.java:513)
	at com.mysql.jdbc.Util.handleNewInstance(Util.java:406)
	at com.mysql.jdbc.Util.getInstance(Util.java:381)
	at com.mysql.jdbc.SQLError.createSQLException(SQLError.java:1015)
	at com.mysql.jdbc.SQLError.createSQLException(SQLError.java:956)
	at com.mysql.jdbc.MysqlIO.checkErrorPacket(MysqlIO.java:3491)
	at com.mysql.jdbc.MysqlIO.checkErrorPacket(MysqlIO.java:3423)
	at com.mysql.jdbc.MysqlIO.sendCommand(MysqlIO.java:1936)
	at com.mysql.jdbc.MysqlIO.sqlQueryDirect(MysqlIO.java:2060)
	at com.mysql.jdbc.ConnectionImpl.execSQL(ConnectionImpl.java:2542)
	at com.mysql.jdbc.PreparedStatement.executeInternal(PreparedStatement.java:1734)
	at com.mysql.jdbc.PreparedStatement.executeUpdate(PreparedStatement.java:2019)
	at com.mysql.jdbc.PreparedStatement.executeUpdate(PreparedStatement.java:1937)
	at com.mysql.jdbc.PreparedStatement.executeUpdate(PreparedStatement.java:1922)
	at com.jolbox.bonecp.PreparedStatementHandle.executeUpdate(PreparedStatementHandle.java:203)
	at com.mofang.framework.data.mysql.MysqlHelper.execute(MysqlHelper.java:37)
	at com.mofang.framework.data.mysql.MysqlHelper.execute(MysqlHelper.java:23)
	at com.mofang.framework.data.mysql.MysqlExecutor.execute(MysqlExecutor.java:32)
	at com.mofang.framework.data.mysql.AbstractMysqlSupport.insert(AbstractMysqlSupport.java:102)
	at com.mofang.framework.data.mysql.AbstractMysqlSupport.insert(AbstractMysqlSupport.java:61)
	at com.mofang.chat.task.mysql.impl.UserTaskDaoImpl.add(UserTaskDaoImpl.java:35)
	at com.mofang.chat.task.service.impl.UserTaskServiceImpl$TaskExecutor.execSingleTask(UserTaskServiceImpl.java:189)
	at com.mofang.chat.task.service.impl.UserTaskServiceImpl$TaskExecutor.run(UserTaskServiceImpl.java:137)
	at java.util.concurrent.ThreadPoolExecutor$Worker.runTask(ThreadPoolExecutor.java:895)
	at java.util.concurrent.ThreadPoolExecutor$Worker.run(ThreadPoolExecutor.java:918)
	at java.lang.Thread.run(Thread.java:695)
2014-10-10 12:07:34 | task.error | ERROR |at TaskExecutor.execSingleTask throw an error. 
com.mysql.jdbc.exceptions.jdbc4.MySQLIntegrityConstraintViolationException: Duplicate entry '608598-1010-20141010' for key 'PRIMARY'
	at sun.reflect.NativeConstructorAccessorImpl.newInstance0(Native Method)
	at sun.reflect.NativeConstructorAccessorImpl.newInstance(NativeConstructorAccessorImpl.java:39)
	at sun.reflect.DelegatingConstructorAccessorImpl.newInstance(DelegatingConstructorAccessorImpl.java:27)
	at java.lang.reflect.Constructor.newInstance(Constructor.java:513)
	at com.mysql.jdbc.Util.handleNewInstance(Util.java:406)
	at com.mysql.jdbc.Util.getInstance(Util.java:381)
	at com.mysql.jdbc.SQLError.createSQLException(SQLError.java:1015)
	at com.mysql.jdbc.SQLError.createSQLException(SQLError.java:956)
	at com.mysql.jdbc.MysqlIO.checkErrorPacket(MysqlIO.java:3491)
	at com.mysql.jdbc.MysqlIO.checkErrorPacket(MysqlIO.java:3423)
	at com.mysql.jdbc.MysqlIO.sendCommand(MysqlIO.java:1936)
	at com.mysql.jdbc.MysqlIO.sqlQueryDirect(MysqlIO.java:2060)
	at com.mysql.jdbc.ConnectionImpl.execSQL(ConnectionImpl.java:2542)
	at com.mysql.jdbc.PreparedStatement.executeInternal(PreparedStatement.java:1734)
	at com.mysql.jdbc.PreparedStatement.executeUpdate(PreparedStatement.java:2019)
	at com.mysql.jdbc.PreparedStatement.executeUpdate(PreparedStatement.java:1937)
	at com.mysql.jdbc.PreparedStatement.executeUpdate(PreparedStatement.java:1922)
	at com.jolbox.bonecp.PreparedStatementHandle.executeUpdate(PreparedStatementHandle.java:203)
	at com.mofang.framework.data.mysql.MysqlHelper.execute(MysqlHelper.java:37)
	at com.mofang.framework.data.mysql.MysqlHelper.execute(MysqlHelper.java:23)
	at com.mofang.framework.data.mysql.MysqlExecutor.execute(MysqlExecutor.java:32)
	at com.mofang.framework.data.mysql.AbstractMysqlSupport.insert(AbstractMysqlSupport.java:102)
	at com.mofang.framework.data.mysql.AbstractMysqlSupport.insert(AbstractMysqlSupport.java:61)
	at com.mofang.chat.task.mysql.impl.UserTaskDaoImpl.add(UserTaskDaoImpl.java:35)
	at com.mofang.chat.task.service.impl.UserTaskServiceImpl$TaskExecutor.execSingleTask(UserTaskServiceImpl.java:189)
	at com.mofang.chat.task.service.impl.UserTaskServiceImpl$TaskExecutor.run(UserTaskServiceImpl.java:137)
	at java.util.concurrent.ThreadPoolExecutor$Worker.runTask(ThreadPoolExecutor.java:895)
	at java.util.concurrent.ThreadPoolExecutor$Worker.run(ThreadPoolExecutor.java:918)
	at java.lang.Thread.run(Thread.java:695)
